<?xml version="1.0" encoding="UTF-8" standalone="no"?>
<!DOCTYPE log SYSTEM "logger.dtd">
<log>
<record>
  <date>2019-11-28T14:41:02.386839Z</date>
  <millis>1574952062386</millis>
  <nanos>839000</nanos>
  <sequence>62</sequence>
  <logger>com.pluralsight.calcengine.PrintServant</logger>
  <level>INFO</level>
  <class>com.pluralsight.calcengine.PrintServant</class>
  <method>checkSession</method>
  <thread>22</thread>
  <message>Method invoked: topQueue By: Ida</message>
</record>
<record>
  <date>2019-11-28T14:41:02.387592Z</date>
  <millis>1574952062387</millis>
  <nanos>592000</nanos>
  <sequence>63</sequence>
  <logger>com.pluralsight.calcengine.PrintServant</logger>
  <level>INFO</level>
  <class>com.pluralsight.calcengine.PrintServant</class>
  <method>checkSession</method>
  <thread>22</thread>
  <message>Method invoked: restart By: Ida</message>
</record>
<?xml version="1.0" encoding="UTF-8" standalone="no"?>
<!DOCTYPE log SYSTEM "logger.dtd">
<log>
</log>
